---- Running test: dataTypeTest_BIGINT
---- Running test: dataTypeTest_BIGSERIAL
---- Running test: dataTypeTest_BOOLEAN
---- Running test: dataTypeTest_CHAR
---- Running test: dataTypeTest_DATE
---- Running test: dataTypeTest_DATETIME0
---- Running test: dataTypeTest_DATETIME1
---- Running test: dataTypeTest_DATETIME2
---- Running test: dataTypeTest_DATETIME3
---- Running test: dataTypeTest_DATETIME4
---- Running test: dataTypeTest_DATETIME5
---- Running test: dataTypeTest_DECIMAL
---- Running test: dataTypeTest_INT
---- Running test: dataTypeTest_LVARCHAR
---- Running test: dataTypeTest_NVARCHAR
---- Running test: dataTypeTest_SERIAL
---- Running test: dataTypeTest_SMALLFLOAT
---- Running test: dataTypeTest_SMALLINT
---- Running test: dataTypeTest_VARCHAR
---- Running test: ops
---- Running test: preparedStatementTest_1
---- Running test: preparedStatementTest_2
---- Running test: transactionTest
